This file contains any messages produced by compilers while
running configure, to aid debugging if configure makes a mistake.

It was created by configure, which was
generated by GNU Autoconf 2.68.  Invocation command line was

  $ ./configure --prefix=/home/thao/PITT/workspace/p3/P3_AQSIOS/stream

## --------- ##
## Platform. ##
## --------- ##

hostname = thao-XPS-M1530
uname -m = i686
uname -r = 3.2.0-32-generic-pae
uname -s = Linux
uname -v = #51-Ubuntu SMP Wed Sep 26 21:54:23 UTC 2012

/usr/bin/uname -p = unknown
/bin/uname -X     = unknown

/bin/arch              = unknown
/usr/bin/arch -k       = unknown
/usr/convex/getsysinfo = unknown
/usr/bin/hostinfo      = unknown
/bin/machine           = unknown
/usr/bin/oslevel       = unknown
/bin/universe          = unknown

PATH: /usr/lib/lightdm/lightdm
PATH: /usr/local/sbin
PATH: /usr/local/bin
PATH: /usr/sbin
PATH: /usr/bin
PATH: /sbin
PATH: /bin
PATH: /usr/games


## ----------- ##
## Core tests. ##
## ----------- ##

configure:2282: checking for a BSD-compatible install
configure:2350: result: /usr/bin/install -c
configure:2361: checking whether build environment is sane
configure:2411: result: yes
configure:2552: checking for a thread-safe mkdir -p
configure:2591: result: /bin/mkdir -p
configure:2604: checking for gawk
configure:2634: result: no
configure:2604: checking for mawk
configure:2620: found /usr/bin/mawk
configure:2631: result: mawk
configure:2642: checking whether make sets $(MAKE)
configure:2664: result: yes
configure:2785: checking for gcc
configure:2801: found /usr/bin/gcc
configure:2812: result: gcc
configure:3041: checking for C compiler version
configure:3050: gcc --version >&5
gcc (Ubuntu/Linaro 4.6.3-1ubuntu5) 4.6.3
Copyright (C) 2011 Free Software Foundation, Inc.
This is free software; see the source for copying conditions.  There is NO
warranty; not even for MERCHANTABILITY or FITNESS FOR A PARTICULAR PURPOSE.

configure:3061: $? = 0
configure:3050: gcc -v >&5
Using built-in specs.
COLLECT_GCC=gcc
COLLECT_LTO_WRAPPER=/usr/lib/gcc/i686-linux-gnu/4.6/lto-wrapper
Target: i686-linux-gnu
Configured with: ../src/configure -v --with-pkgversion='Ubuntu/Linaro 4.6.3-1ubuntu5' --with-bugurl=file:///usr/share/doc/gcc-4.6/README.Bugs --enable-languages=c,c++,fortran,objc,obj-c++ --prefix=/usr --program-suffix=-4.6 --enable-shared --enable-linker-build-id --with-system-zlib --libexecdir=/usr/lib --without-included-gettext --enable-threads=posix --with-gxx-include-dir=/usr/include/c++/4.6 --libdir=/usr/lib --enable-nls --with-sysroot=/ --enable-clocale=gnu --enable-libstdcxx-debug --enable-libstdcxx-time=yes --enable-gnu-unique-object --enable-plugin --enable-objc-gc --enable-targets=all --disable-werror --with-arch-32=i686 --with-tune=generic --enable-checking=release --build=i686-linux-gnu --host=i686-linux-gnu --target=i686-linux-gnu
Thread model: posix
gcc version 4.6.3 (Ubuntu/Linaro 4.6.3-1ubuntu5) 
configure:3061: $? = 0
configure:3050: gcc -V >&5
gcc: error: unrecognized option '-V'
gcc: fatal error: no input files
compilation terminated.
configure:3061: $? = 4
configure:3050: gcc -qversion >&5
gcc: error: unrecognized option '-qversion'
gcc: fatal error: no input files
compilation terminated.
configure:3061: $? = 4
configure:3081: checking whether the C compiler works
configure:3103: gcc    conftest.c  >&5
configure:3107: $? = 0
configure:3155: result: yes
configure:3158: checking for C compiler default output file name
configure:3160: result: a.out
configure:3166: checking for suffix of executables
configure:3173: gcc -o conftest    conftest.c  >&5
configure:3177: $? = 0
configure:3199: result: 
configure:3221: checking whether we are cross compiling
configure:3229: gcc -o conftest    conftest.c  >&5
configure:3233: $? = 0
configure:3240: ./conftest
configure:3244: $? = 0
configure:3259: result: no
configure:3264: checking for suffix of object files
configure:3286: gcc -c   conftest.c >&5
configure:3290: $? = 0
configure:3311: result: o
configure:3315: checking whether we are using the GNU C compiler
configure:3334: gcc -c   conftest.c >&5
configure:3334: $? = 0
configure:3343: result: yes
configure:3352: checking whether gcc accepts -g
configure:3372: gcc -c -g  conftest.c >&5
configure:3372: $? = 0
configure:3413: result: yes
configure:3430: checking for gcc option to accept ISO C89
configure:3494: gcc  -c -g -O2  conftest.c >&5
configure:3494: $? = 0
configure:3507: result: none needed
configure:3538: checking for style of include used by make
configure:3566: result: GNU
configure:3592: checking dependency style of gcc
configure:3703: result: gcc3
configure:3776: checking for g++
configure:3792: found /usr/bin/g++
configure:3803: result: g++
configure:3830: checking for C++ compiler version
configure:3839: g++ --version >&5
g++ (Ubuntu/Linaro 4.6.3-1ubuntu5) 4.6.3
Copyright (C) 2011 Free Software Foundation, Inc.
This is free software; see the source for copying conditions.  There is NO
warranty; not even for MERCHANTABILITY or FITNESS FOR A PARTICULAR PURPOSE.

configure:3850: $? = 0
configure:3839: g++ -v >&5
Using built-in specs.
COLLECT_GCC=g++
COLLECT_LTO_WRAPPER=/usr/lib/gcc/i686-linux-gnu/4.6/lto-wrapper
Target: i686-linux-gnu
Configured with: ../src/configure -v --with-pkgversion='Ubuntu/Linaro 4.6.3-1ubuntu5' --with-bugurl=file:///usr/share/doc/gcc-4.6/README.Bugs --enable-languages=c,c++,fortran,objc,obj-c++ --prefix=/usr --program-suffix=-4.6 --enable-shared --enable-linker-build-id --with-system-zlib --libexecdir=/usr/lib --without-included-gettext --enable-threads=posix --with-gxx-include-dir=/usr/include/c++/4.6 --libdir=/usr/lib --enable-nls --with-sysroot=/ --enable-clocale=gnu --enable-libstdcxx-debug --enable-libstdcxx-time=yes --enable-gnu-unique-object --enable-plugin --enable-objc-gc --enable-targets=all --disable-werror --with-arch-32=i686 --with-tune=generic --enable-checking=release --build=i686-linux-gnu --host=i686-linux-gnu --target=i686-linux-gnu
Thread model: posix
gcc version 4.6.3 (Ubuntu/Linaro 4.6.3-1ubuntu5) 
configure:3850: $? = 0
configure:3839: g++ -V >&5
g++: error: unrecognized option '-V'
g++: fatal error: no input files
compilation terminated.
configure:3850: $? = 4
configure:3839: g++ -qversion >&5
g++: error: unrecognized option '-qversion'
g++: fatal error: no input files
compilation terminated.
configure:3850: $? = 4
configure:3854: checking whether we are using the GNU C++ compiler
configure:3873: g++ -c   conftest.cpp >&5
configure:3873: $? = 0
configure:3882: result: yes
configure:3891: checking whether g++ accepts -g
configure:3911: g++ -c -g  conftest.cpp >&5
configure:3911: $? = 0
configure:3952: result: yes
configure:3977: checking dependency style of g++
configure:4088: result: gcc3
configure:4108: checking for flex
configure:4138: result: no
configure:4108: checking for lex
configure:4138: result: no
configure:4266: checking for bison
configure:4296: result: no
configure:4266: checking for byacc
configure:4296: result: no
configure:4334: checking build system type
configure:4348: result: i686-pc-linux-gnu
configure:4368: checking host system type
configure:4381: result: i686-pc-linux-gnu
configure:4422: checking how to print strings
configure:4449: result: printf
configure:4470: checking for a sed that does not truncate output
configure:4534: result: /bin/sed
configure:4552: checking for grep that handles long lines and -e
configure:4610: result: /bin/grep
configure:4615: checking for egrep
configure:4677: result: /bin/grep -E
configure:4682: checking for fgrep
configure:4744: result: /bin/grep -F
configure:4779: checking for ld used by gcc
configure:4846: result: /usr/bin/ld
configure:4853: checking if the linker (/usr/bin/ld) is GNU ld
configure:4868: result: yes
configure:4880: checking for BSD- or MS-compatible name lister (nm)
configure:4929: result: /usr/bin/nm -B
configure:5059: checking the name lister (/usr/bin/nm -B) interface
configure:5066: gcc -c -g -O2  conftest.c >&5
configure:5069: /usr/bin/nm -B "conftest.o"
configure:5072: output
00000000 B some_variable
configure:5079: result: BSD nm
configure:5082: checking whether ln -s works
configure:5086: result: yes
configure:5094: checking the maximum length of command line arguments
configure:5224: result: 1572864
configure:5241: checking whether the shell understands some XSI constructs
configure:5251: result: yes
configure:5255: checking whether the shell understands "+="
configure:5261: result: yes
configure:5296: checking how to convert i686-pc-linux-gnu file names to i686-pc-linux-gnu format
configure:5336: result: func_convert_file_noop
configure:5343: checking how to convert i686-pc-linux-gnu file names to toolchain format
configure:5363: result: func_convert_file_noop
configure:5370: checking for /usr/bin/ld option to reload object files
configure:5377: result: -r
configure:5451: checking for objdump
configure:5467: found /usr/bin/objdump
configure:5478: result: objdump
configure:5510: checking how to recognize dependent libraries
configure:5712: result: pass_all
configure:5797: checking for dlltool
configure:5827: result: no
configure:5857: checking how to associate runtime and link libraries
configure:5884: result: printf %s\n
configure:5944: checking for ar
configure:5960: found /usr/bin/ar
configure:5971: result: ar
configure:6008: checking for archiver @FILE support
configure:6025: gcc -c -g -O2  conftest.c >&5
configure:6025: $? = 0
configure:6028: ar cru libconftest.a @conftest.lst >&5
configure:6031: $? = 0
configure:6036: ar cru libconftest.a @conftest.lst >&5
ar: conftest.o: No such file or directory
configure:6039: $? = 1
configure:6051: result: @
configure:6109: checking for strip
configure:6125: found /usr/bin/strip
configure:6136: result: strip
configure:6208: checking for ranlib
configure:6224: found /usr/bin/ranlib
configure:6235: result: ranlib
configure:6337: checking command to parse /usr/bin/nm -B output from gcc object
configure:6457: gcc -c -g -O2  conftest.c >&5
configure:6460: $? = 0
configure:6464: /usr/bin/nm -B conftest.o \| sed -n -e 's/^.*[ ]\([ABCDGIRSTW][ABCDGIRSTW]*\)[ ][ ]*\([_A-Za-z][_A-Za-z0-9]*\)$/\1 \2 \2/p' | sed '/ __gnu_lto/d' \> conftest.nm
configure:6467: $? = 0
configure:6533: gcc -o conftest -g -O2   conftest.c conftstm.o >&5
configure:6536: $? = 0
configure:6574: result: ok
configure:6611: checking for sysroot
configure:6641: result: no
configure:6897: checking for mt
configure:6913: found /bin/mt
configure:6924: result: mt
configure:6947: checking if mt is a manifest tool
configure:6953: mt '-?'
configure:6961: result: no
configure:7603: checking how to run the C preprocessor
configure:7634: gcc -E  conftest.c
configure:7634: $? = 0
configure:7648: gcc -E  conftest.c
conftest.c:9:28: fatal error: ac_nonexistent.h: No such file or directory
compilation terminated.
configure:7648: $? = 1
configure: failed program was:
| /* confdefs.h */
| #define PACKAGE_NAME ""
| #define PACKAGE_TARNAME ""
| #define PACKAGE_VERSION ""
| #define PACKAGE_STRING ""
| #define PACKAGE_BUGREPORT ""
| #define PACKAGE_URL ""
| /* end confdefs.h.  */
| #include <ac_nonexistent.h>
configure:7673: result: gcc -E
configure:7693: gcc -E  conftest.c
configure:7693: $? = 0
configure:7707: gcc -E  conftest.c
conftest.c:9:28: fatal error: ac_nonexistent.h: No such file or directory
compilation terminated.
configure:7707: $? = 1
configure: failed program was:
| /* confdefs.h */
| #define PACKAGE_NAME ""
| #define PACKAGE_TARNAME ""
| #define PACKAGE_VERSION ""
| #define PACKAGE_STRING ""
| #define PACKAGE_BUGREPORT ""
| #define PACKAGE_URL ""
| /* end confdefs.h.  */
| #include <ac_nonexistent.h>
configure:7736: checking for ANSI C header files
configure:7756: gcc -c -g -O2  conftest.c >&5
configure:7756: $? = 0
configure:7829: gcc -o conftest -g -O2   conftest.c  >&5
configure:7829: $? = 0
configure:7829: ./conftest
configure:7829: $? = 0
configure:7840: result: yes
configure:7853: checking for sys/types.h
configure:7853: gcc -c -g -O2  conftest.c >&5
configure:7853: $? = 0
configure:7853: result: yes
configure:7853: checking for sys/stat.h
configure:7853: gcc -c -g -O2  conftest.c >&5
configure:7853: $? = 0
configure:7853: result: yes
configure:7853: checking for stdlib.h
configure:7853: gcc -c -g -O2  conftest.c >&5
configure:7853: $? = 0
configure:7853: result: yes
configure:7853: checking for string.h
configure:7853: gcc -c -g -O2  conftest.c >&5
configure:7853: $? = 0
configure:7853: result: yes
configure:7853: checking for memory.h
configure:7853: gcc -c -g -O2  conftest.c >&5
configure:7853: $? = 0
configure:7853: result: yes
configure:7853: checking for strings.h
configure:7853: gcc -c -g -O2  conftest.c >&5
configure:7853: $? = 0
configure:7853: result: yes
configure:7853: checking for inttypes.h
configure:7853: gcc -c -g -O2  conftest.c >&5
configure:7853: $? = 0
configure:7853: result: yes
configure:7853: checking for stdint.h
configure:7853: gcc -c -g -O2  conftest.c >&5
configure:7853: $? = 0
configure:7853: result: yes
configure:7853: checking for unistd.h
configure:7853: gcc -c -g -O2  conftest.c >&5
configure:7853: $? = 0
configure:7853: result: yes
configure:7867: checking for dlfcn.h
configure:7867: gcc -c -g -O2  conftest.c >&5
configure:7867: $? = 0
configure:7867: result: yes
configure:8084: checking for objdir
configure:8099: result: .libs
configure:8366: checking if gcc supports -fno-rtti -fno-exceptions
configure:8384: gcc -c -g -O2  -fno-rtti -fno-exceptions conftest.c >&5
cc1: warning: command line option '-fno-rtti' is valid for C++/ObjC++ but not for C [enabled by default]
configure:8388: $? = 0
configure:8401: result: no
configure:8728: checking for gcc option to produce PIC
configure:8735: result: -fPIC -DPIC
configure:8743: checking if gcc PIC flag -fPIC -DPIC works
configure:8761: gcc -c -g -O2  -fPIC -DPIC -DPIC conftest.c >&5
configure:8765: $? = 0
configure:8778: result: yes
configure:8807: checking if gcc static flag -static works
configure:8835: result: yes
configure:8850: checking if gcc supports -c -o file.o
configure:8871: gcc -c -g -O2  -o out/conftest2.o conftest.c >&5
configure:8875: $? = 0
configure:8897: result: yes
configure:8905: checking if gcc supports -c -o file.o
configure:8952: result: yes
configure:8985: checking whether the gcc linker (/usr/bin/ld) supports shared libraries
configure:10142: result: yes
configure:10179: checking whether -lc should be explicitly linked in
configure:10187: gcc -c -g -O2  conftest.c >&5
configure:10190: $? = 0
configure:10205: gcc -shared  -fPIC -DPIC conftest.o  -v -Wl,-soname -Wl,conftest -o conftest 2\>\&1 \| /bin/grep  -lc  \>/dev/null 2\>\&1
configure:10208: $? = 0
configure:10222: result: no
configure:10382: checking dynamic linker characteristics
configure:10893: gcc -o conftest -g -O2   -Wl,-rpath -Wl,/foo conftest.c  >&5
configure:10893: $? = 0
configure:11127: result: GNU/Linux ld.so
configure:11234: checking how to hardcode library paths into programs
configure:11259: result: immediate
configure:11799: checking whether stripping libraries is possible
configure:11804: result: yes
configure:11839: checking if libtool supports shared libraries
configure:11841: result: yes
configure:11844: checking whether to build shared libraries
configure:11865: result: yes
configure:11868: checking whether to build static libraries
configure:11872: result: yes
configure:11895: checking how to run the C++ preprocessor
configure:11922: g++ -E  conftest.cpp
configure:11922: $? = 0
configure:11936: g++ -E  conftest.cpp
conftest.cpp:21:28: fatal error: ac_nonexistent.h: No such file or directory
compilation terminated.
configure:11936: $? = 1
configure: failed program was:
| /* confdefs.h */
| #define PACKAGE_NAME ""
| #define PACKAGE_TARNAME ""
| #define PACKAGE_VERSION ""
| #define PACKAGE_STRING ""
| #define PACKAGE_BUGREPORT ""
| #define PACKAGE_URL ""
| #define STDC_HEADERS 1
| #define HAVE_SYS_TYPES_H 1
| #define HAVE_SYS_STAT_H 1
| #define HAVE_STDLIB_H 1
| #define HAVE_STRING_H 1
| #define HAVE_MEMORY_H 1
| #define HAVE_STRINGS_H 1
| #define HAVE_INTTYPES_H 1
| #define HAVE_STDINT_H 1
| #define HAVE_UNISTD_H 1
| #define HAVE_DLFCN_H 1
| #define LT_OBJDIR ".libs/"
| /* end confdefs.h.  */
| #include <ac_nonexistent.h>
configure:11961: result: g++ -E
configure:11981: g++ -E  conftest.cpp
configure:11981: $? = 0
configure:11995: g++ -E  conftest.cpp
conftest.cpp:21:28: fatal error: ac_nonexistent.h: No such file or directory
compilation terminated.
configure:11995: $? = 1
configure: failed program was:
| /* confdefs.h */
| #define PACKAGE_NAME ""
| #define PACKAGE_TARNAME ""
| #define PACKAGE_VERSION ""
| #define PACKAGE_STRING ""
| #define PACKAGE_BUGREPORT ""
| #define PACKAGE_URL ""
| #define STDC_HEADERS 1
| #define HAVE_SYS_TYPES_H 1
| #define HAVE_SYS_STAT_H 1
| #define HAVE_STDLIB_H 1
| #define HAVE_STRING_H 1
| #define HAVE_MEMORY_H 1
| #define HAVE_STRINGS_H 1
| #define HAVE_INTTYPES_H 1
| #define HAVE_STDINT_H 1
| #define HAVE_UNISTD_H 1
| #define HAVE_DLFCN_H 1
| #define LT_OBJDIR ".libs/"
| /* end confdefs.h.  */
| #include <ac_nonexistent.h>
configure:12164: checking for ld used by g++
configure:12231: result: /usr/bin/ld
configure:12238: checking if the linker (/usr/bin/ld) is GNU ld
configure:12253: result: yes
configure:12308: checking whether the g++ linker (/usr/bin/ld) supports shared libraries
configure:13313: result: yes
configure:13349: g++ -c -g -O2  conftest.cpp >&5
configure:13352: $? = 0
configure:13872: checking for g++ option to produce PIC
configure:13879: result: -fPIC -DPIC
configure:13887: checking if g++ PIC flag -fPIC -DPIC works
configure:13905: g++ -c -g -O2  -fPIC -DPIC -DPIC conftest.cpp >&5
configure:13909: $? = 0
configure:13922: result: yes
configure:13945: checking if g++ static flag -static works
configure:13973: result: yes
configure:13985: checking if g++ supports -c -o file.o
configure:14006: g++ -c -g -O2  -o out/conftest2.o conftest.cpp >&5
configure:14010: $? = 0
configure:14032: result: yes
configure:14037: checking if g++ supports -c -o file.o
configure:14084: result: yes
configure:14114: checking whether the g++ linker (/usr/bin/ld) supports shared libraries
configure:14153: result: yes
configure:14294: checking dynamic linker characteristics
configure:14973: result: GNU/Linux ld.so
configure:15026: checking how to hardcode library paths into programs
configure:15051: result: immediate
configure:15260: creating ./config.status

## ---------------------- ##
## Running config.status. ##
## ---------------------- ##

This file was extended by config.status, which was
generated by GNU Autoconf 2.68.  Invocation command line was

  CONFIG_FILES    = 
  CONFIG_HEADERS  = 
  CONFIG_LINKS    = 
  CONFIG_COMMANDS = 
  $ ./config.status 

on thao-XPS-M1530

config.status:1203: creating Makefile
config.status:1203: creating dsms/Makefile
config.status:1203: creating dsms/src/Makefile
config.status:1203: creating dsms/src/common/Makefile
config.status:1203: creating dsms/src/execution/Makefile
config.status:1203: creating dsms/src/execution/indexes/Makefile
config.status:1203: creating dsms/src/execution/internals/Makefile
config.status:1203: creating dsms/src/execution/memory/Makefile
config.status:1203: creating dsms/src/execution/monitors/Makefile
config.status:1203: creating dsms/src/execution/operators/Makefile
config.status:1203: creating dsms/src/execution/queues/Makefile
config.status:1203: creating dsms/src/execution/scheduler/Makefile
config.status:1203: creating dsms/src/execution/loadmanager/Makefile
config.status:1203: creating dsms/src/execution/communicator/Makefile
config.status:1203: creating dsms/src/execution/stores/Makefile
config.status:1203: creating dsms/src/execution/synopses/Makefile
config.status:1203: creating dsms/src/interface/Makefile
config.status:1203: creating dsms/src/metadata/Makefile
config.status:1203: creating dsms/src/parser/Makefile
config.status:1203: creating dsms/src/querygen/Makefile
config.status:1203: creating dsms/src/server/Makefile
config.status:1203: creating dsms/include/Makefile
config.status:1203: creating dsms/include/common/Makefile
config.status:1203: creating dsms/include/execution/Makefile
config.status:1203: creating dsms/include/execution/queues/Makefile
config.status:1203: creating dsms/include/execution/indexes/Makefile
config.status:1203: creating dsms/include/execution/internals/Makefile
config.status:1203: creating dsms/include/execution/memory/Makefile
config.status:1203: creating dsms/include/execution/monitors/Makefile
config.status:1203: creating dsms/include/execution/operators/Makefile
config.status:1203: creating dsms/include/execution/scheduler/Makefile
config.status:1203: creating dsms/include/execution/loadmanager/Makefile
config.status:1203: creating dsms/include/execution/communicator/Makefile
config.status:1203: creating dsms/include/execution/stores/Makefile
config.status:1203: creating dsms/include/execution/synopses/Makefile
config.status:1203: creating dsms/include/interface/Makefile
config.status:1203: creating dsms/include/metadata/Makefile
config.status:1203: creating dsms/include/parser/Makefile
config.status:1203: creating dsms/include/querygen/Makefile
config.status:1203: creating dsms/include/server/Makefile
config.status:1203: creating lib/Makefile
config.status:1203: creating gen_client/Makefile
config.status:1203: creating test/Makefile
config.status:1203: creating test/data/Makefile
config.status:1203: creating test/sample-out/Makefile
config.status:1203: creating test/scripts/Makefile
config.status:1203: creating examples/Makefile
config.status:1203: creating examples/scripts/Makefile
config.status:1203: creating examples/data/Makefile
config.status:1203: creating docs/Makefile
config.status:1203: creating config.h
config.status:1384: config.h is unchanged
config.status:1432: executing depfiles commands
config.status:1432: executing libtool commands

## ---------------- ##
## Cache variables. ##
## ---------------- ##

ac_cv_build=i686-pc-linux-gnu
ac_cv_c_compiler_gnu=yes
ac_cv_cxx_compiler_gnu=yes
ac_cv_env_CCC_set=
ac_cv_env_CCC_value=
ac_cv_env_CC_set=
ac_cv_env_CC_value=
ac_cv_env_CFLAGS_set=
ac_cv_env_CFLAGS_value=
ac_cv_env_CPPFLAGS_set=
ac_cv_env_CPPFLAGS_value=
ac_cv_env_CPP_set=
ac_cv_env_CPP_value=
ac_cv_env_CXXCPP_set=
ac_cv_env_CXXCPP_value=
ac_cv_env_CXXFLAGS_set=
ac_cv_env_CXXFLAGS_value=
ac_cv_env_CXX_set=
ac_cv_env_CXX_value=
ac_cv_env_LDFLAGS_set=
ac_cv_env_LDFLAGS_value=
ac_cv_env_LIBS_set=
ac_cv_env_LIBS_value=
ac_cv_env_YACC_set=
ac_cv_env_YACC_value=
ac_cv_env_YFLAGS_set=
ac_cv_env_YFLAGS_value=
ac_cv_env_build_alias_set=
ac_cv_env_build_alias_value=
ac_cv_env_host_alias_set=
ac_cv_env_host_alias_value=
ac_cv_env_target_alias_set=
ac_cv_env_target_alias_value=
ac_cv_header_dlfcn_h=yes
ac_cv_header_inttypes_h=yes
ac_cv_header_memory_h=yes
ac_cv_header_stdc=yes
ac_cv_header_stdint_h=yes
ac_cv_header_stdlib_h=yes
ac_cv_header_string_h=yes
ac_cv_header_strings_h=yes
ac_cv_header_sys_stat_h=yes
ac_cv_header_sys_types_h=yes
ac_cv_header_unistd_h=yes
ac_cv_host=i686-pc-linux-gnu
ac_cv_objext=o
ac_cv_path_EGREP='/bin/grep -E'
ac_cv_path_FGREP='/bin/grep -F'
ac_cv_path_GREP=/bin/grep
ac_cv_path_SED=/bin/sed
ac_cv_path_install='/usr/bin/install -c'
ac_cv_path_mkdir=/bin/mkdir
ac_cv_prog_AWK=mawk
ac_cv_prog_CPP='gcc -E'
ac_cv_prog_CXXCPP='g++ -E'
ac_cv_prog_ac_ct_AR=ar
ac_cv_prog_ac_ct_CC=gcc
ac_cv_prog_ac_ct_CXX=g++
ac_cv_prog_ac_ct_MANIFEST_TOOL=mt
ac_cv_prog_ac_ct_OBJDUMP=objdump
ac_cv_prog_ac_ct_RANLIB=ranlib
ac_cv_prog_ac_ct_STRIP=strip
ac_cv_prog_cc_c89=
ac_cv_prog_cc_g=yes
ac_cv_prog_cxx_g=yes
ac_cv_prog_make_make_set=yes
am_cv_CC_dependencies_compiler_type=gcc3
am_cv_CXX_dependencies_compiler_type=gcc3
lt_cv_ar_at_file=@
lt_cv_archive_cmds_need_lc=no
lt_cv_deplibs_check_method=pass_all
lt_cv_file_magic_cmd='$MAGIC_CMD'
lt_cv_file_magic_test_file=
lt_cv_ld_reload_flag=-r
lt_cv_nm_interface='BSD nm'
lt_cv_objdir=.libs
lt_cv_path_LD=/usr/bin/ld
lt_cv_path_LDCXX=/usr/bin/ld
lt_cv_path_NM='/usr/bin/nm -B'
lt_cv_path_mainfest_tool=no
lt_cv_prog_compiler_c_o=yes
lt_cv_prog_compiler_c_o_CXX=yes
lt_cv_prog_compiler_pic='-fPIC -DPIC'
lt_cv_prog_compiler_pic_CXX='-fPIC -DPIC'
lt_cv_prog_compiler_pic_works=yes
lt_cv_prog_compiler_pic_works_CXX=yes
lt_cv_prog_compiler_rtti_exceptions=no
lt_cv_prog_compiler_static_works=yes
lt_cv_prog_compiler_static_works_CXX=yes
lt_cv_prog_gnu_ld=yes
lt_cv_prog_gnu_ldcxx=yes
lt_cv_sharedlib_from_linklib_cmd='printf %s\n'
lt_cv_shlibpath_overrides_runpath=no
lt_cv_sys_global_symbol_pipe='sed -n -e '\''s/^.*[	 ]\([ABCDGIRSTW][ABCDGIRSTW]*\)[	 ][	 ]*\([_A-Za-z][_A-Za-z0-9]*\)$/\1 \2 \2/p'\'' | sed '\''/ __gnu_lto/d'\'''
lt_cv_sys_global_symbol_to_c_name_address='sed -n -e '\''s/^: \([^ ]*\)[ ]*$/  {\"\1\", (void *) 0},/p'\'' -e '\''s/^[ABCDGIRSTW]* \([^ ]*\) \([^ ]*\)$/  {"\2", (void *) \&\2},/p'\'''
lt_cv_sys_global_symbol_to_c_name_address_lib_prefix='sed -n -e '\''s/^: \([^ ]*\)[ ]*$/  {\"\1\", (void *) 0},/p'\'' -e '\''s/^[ABCDGIRSTW]* \([^ ]*\) \(lib[^ ]*\)$/  {"\2", (void *) \&\2},/p'\'' -e '\''s/^[ABCDGIRSTW]* \([^ ]*\) \([^ ]*\)$/  {"lib\2", (void *) \&\2},/p'\'''
lt_cv_sys_global_symbol_to_cdecl='sed -n -e '\''s/^T .* \(.*\)$/extern int \1();/p'\'' -e '\''s/^[ABCDGIRSTW]* .* \(.*\)$/extern char \1;/p'\'''
lt_cv_sys_max_cmd_len=1572864
lt_cv_to_host_file_cmd=func_convert_file_noop
lt_cv_to_tool_file_cmd=func_convert_file_noop

## ----------------- ##
## Output variables. ##
## ----------------- ##

ACLOCAL='${SHELL} /home/thao/PITT/workspace/p3/P3_AQSIOS/stream.thao/missing --run aclocal-1.11'
AMDEPBACKSLASH='\'
AMDEP_FALSE='#'
AMDEP_TRUE=''
AMTAR='$${TAR-tar}'
AR='ar'
AUTOCONF='${SHELL} /home/thao/PITT/workspace/p3/P3_AQSIOS/stream.thao/missing --run autoconf'
AUTOHEADER='${SHELL} /home/thao/PITT/workspace/p3/P3_AQSIOS/stream.thao/missing --run autoheader'
AUTOMAKE='${SHELL} /home/thao/PITT/workspace/p3/P3_AQSIOS/stream.thao/missing --run automake-1.11'
AWK='mawk'
CC='gcc'
CCDEPMODE='depmode=gcc3'
CFLAGS='-g -O2'
CPP='gcc -E'
CPPFLAGS=''
CXX='g++'
CXXCPP='g++ -E'
CXXDEPMODE='depmode=gcc3'
CXXFLAGS='-g -ansi -D_MONITOR_ -O3 -D_SYS_STR_ -D_DM_ -D_LOAD_MANAGE_ -D_CTRL_LOAD_MANAGE_ -lrt'
CYGPATH_W='echo'
DEFS='-DHAVE_CONFIG_H'
DEPDIR='.deps'
DLLTOOL='false'
DSYMUTIL=''
DUMPBIN=''
ECHO_C=''
ECHO_N='-n'
ECHO_T=''
EGREP='/bin/grep -E'
EXEEXT=''
FGREP='/bin/grep -F'
GREP='/bin/grep'
INSTALL_DATA='${INSTALL} -m 644'
INSTALL_PROGRAM='${INSTALL}'
INSTALL_SCRIPT='${INSTALL}'
INSTALL_STRIP_PROGRAM='$(install_sh) -c -s'
LD='/usr/bin/ld'
LDFLAGS=''
LEX=':'
LEXLIB=''
LEX_OUTPUT_ROOT=''
LIBOBJS=''
LIBS=''
LIBTOOL='$(SHELL) $(top_builddir)/libtool'
LIPO=''
LN_S='ln -s'
LTLIBOBJS=''
MAKEINFO='${SHELL} /home/thao/PITT/workspace/p3/P3_AQSIOS/stream.thao/missing --run makeinfo'
MANIFEST_TOOL=':'
MKDIR_P='/bin/mkdir -p'
NM='/usr/bin/nm -B'
NMEDIT=''
OBJDUMP='objdump'
OBJEXT='o'
OTOOL64=''
OTOOL=''
PACKAGE='aqsios'
PACKAGE_BUGREPORT=''
PACKAGE_NAME=''
PACKAGE_STRING=''
PACKAGE_TARNAME=''
PACKAGE_URL=''
PACKAGE_VERSION=''
PATH_SEPARATOR=':'
RANLIB='ranlib'
SED='/bin/sed'
SET_MAKE=''
SHELL='/bin/bash'
STRIP='strip'
VERSION='2.1.0'
YACC='yacc'
YFLAGS=''
ac_ct_AR='ar'
ac_ct_CC='gcc'
ac_ct_CXX='g++'
ac_ct_DUMPBIN=''
am__EXEEXT_FALSE=''
am__EXEEXT_TRUE='#'
am__fastdepCC_FALSE='#'
am__fastdepCC_TRUE=''
am__fastdepCXX_FALSE='#'
am__fastdepCXX_TRUE=''
am__include='include'
am__isrc=''
am__leading_dot='.'
am__nodep='_no'
am__quote=''
am__tar='$${TAR-tar} chof - "$$tardir"'
am__untar='$${TAR-tar} xf -'
bindir='${exec_prefix}/bin'
build='i686-pc-linux-gnu'
build_alias=''
build_cpu='i686'
build_os='linux-gnu'
build_vendor='pc'
datadir='${datarootdir}'
datarootdir='${prefix}/share'
docdir='${datarootdir}/doc/${PACKAGE}'
dvidir='${docdir}'
exec_prefix='${prefix}'
host='i686-pc-linux-gnu'
host_alias=''
host_cpu='i686'
host_os='linux-gnu'
host_vendor='pc'
htmldir='${docdir}'
includedir='${prefix}/include'
infodir='${datarootdir}/info'
install_sh='${SHELL} /home/thao/PITT/workspace/p3/P3_AQSIOS/stream.thao/install-sh'
libdir='${exec_prefix}/lib'
libexecdir='${exec_prefix}/libexec'
localedir='${datarootdir}/locale'
localstatedir='${prefix}/var'
mandir='${datarootdir}/man'
mkdir_p='/bin/mkdir -p'
oldincludedir='/usr/include'
pdfdir='${docdir}'
prefix='/home/thao/PITT/workspace/p3/P3_AQSIOS/stream'
program_transform_name='s,x,x,'
psdir='${docdir}'
sbindir='${exec_prefix}/sbin'
sharedstatedir='${prefix}/com'
sysconfdir='${prefix}/etc'
target_alias=''

## ----------- ##
## confdefs.h. ##
## ----------- ##

/* confdefs.h */
#define PACKAGE_NAME ""
#define PACKAGE_TARNAME ""
#define PACKAGE_VERSION ""
#define PACKAGE_STRING ""
#define PACKAGE_BUGREPORT ""
#define PACKAGE_URL ""
#define STDC_HEADERS 1
#define HAVE_SYS_TYPES_H 1
#define HAVE_SYS_STAT_H 1
#define HAVE_STDLIB_H 1
#define HAVE_STRING_H 1
#define HAVE_MEMORY_H 1
#define HAVE_STRINGS_H 1
#define HAVE_INTTYPES_H 1
#define HAVE_STDINT_H 1
#define HAVE_UNISTD_H 1
#define HAVE_DLFCN_H 1
#define LT_OBJDIR ".libs/"

configure: exit 0
